0 info it worked if it ends with ok
1 verbose cli [ 'C:\\Program Files\\nodejs\\node.exe',
1 verbose cli   'C:\\Program Files\\nodejs\\node_modules\\npm\\bin\\npm-cli.js',
1 verbose cli   'start' ]
2 info using npm@3.10.10
3 info using node@v6.17.1
4 verbose run-script [ 'prestart', 'start', 'poststart' ]
5 info lifecycle sample-app-angular-hybrid@1.0.2~prestart: sample-app-angular-hybrid@1.0.2
6 silly lifecycle sample-app-angular-hybrid@1.0.2~prestart: no script for prestart, continuing
7 info lifecycle sample-app-angular-hybrid@1.0.2~start: sample-app-angular-hybrid@1.0.2
8 verbose lifecycle sample-app-angular-hybrid@1.0.2~start: unsafe-perm in lifecycle true
9 verbose lifecycle sample-app-angular-hybrid@1.0.2~start: PATH: C:\Program Files\nodejs\node_modules\npm\bin\node-gyp-bin;C:\compartida\sample-app-angular-hybrid-master\sample-app-angular-hybrid-master\node_modules\.bin;C:\ProgramData\Oracle\Java\javapath;C:\WINDOWS\system32;C:\WINDOWS;C:\WINDOWS\System32\Wbem;C:\WINDOWS\System32\WindowsPowerShell\v1.0\;C:\WINDOWS\System32\OpenSSH\;C:\Program Files (x86)\Sennheiser\SoftphoneSDK\;C:\Program Files (x86)\IBM\Client Access\Emulator;C:\Program Files (x86)\IBM\Client Access\Shared;C:\Program Files (x86)\IBM\Client Access\;C:\ProgramData\chocolatey\bin;C:\Program Files\nodejs\;C:\Program Files\Git\cmd;C:\Gradle\gradle-4.1\bin;C:\Users\arganara\AppData\Local\Microsoft\WindowsApps;;C:\Users\arganara\AppData\Local\Programs\Microsoft VS Code\bin;C:\Users\arganara\AppData\Roaming\npm
10 verbose lifecycle sample-app-angular-hybrid@1.0.2~start: CWD: C:\compartida\sample-app-angular-hybrid-master\sample-app-angular-hybrid-master
11 silly lifecycle sample-app-angular-hybrid@1.0.2~start: Args: [ '/d /s /c', 'npm run serve' ]
12 silly lifecycle sample-app-angular-hybrid@1.0.2~start: Returned: code: 1  signal: null
13 info lifecycle sample-app-angular-hybrid@1.0.2~start: Failed to exec start script
14 verbose stack Error: sample-app-angular-hybrid@1.0.2 start: `npm run serve`
14 verbose stack Exit status 1
14 verbose stack     at EventEmitter.<anonymous> (C:\Program Files\nodejs\node_modules\npm\lib\utils\lifecycle.js:255:16)
14 verbose stack     at emitTwo (events.js:106:13)
14 verbose stack     at EventEmitter.emit (events.js:191:7)
14 verbose stack     at ChildProcess.<anonymous> (C:\Program Files\nodejs\node_modules\npm\lib\utils\spawn.js:40:14)
14 verbose stack     at emitTwo (events.js:106:13)
14 verbose stack     at ChildProcess.emit (events.js:191:7)
14 verbose stack     at maybeClose (internal/child_process.js:920:16)
14 verbose stack     at Process.ChildProcess._handle.onexit (internal/child_process.js:230:5)
15 verbose pkgid sample-app-angular-hybrid@1.0.2
16 verbose cwd C:\compartida\sample-app-angular-hybrid-master\sample-app-angular-hybrid-master
17 error Windows_NT 10.0.18362
18 error argv "C:\\Program Files\\nodejs\\node.exe" "C:\\Program Files\\nodejs\\node_modules\\npm\\bin\\npm-cli.js" "start"
19 error node v6.17.1
20 error npm  v3.10.10
21 error code ELIFECYCLE
22 error sample-app-angular-hybrid@1.0.2 start: `npm run serve`
22 error Exit status 1
23 error Failed at the sample-app-angular-hybrid@1.0.2 start script 'npm run serve'.
23 error Make sure you have the latest version of node.js and npm installed.
23 error If you do, this is most likely a problem with the sample-app-angular-hybrid package,
23 error not with npm itself.
23 error Tell the author that this fails on your system:
23 error     npm run serve
23 error You can get information on how to open an issue for this project with:
23 error     npm bugs sample-app-angular-hybrid
23 error Or if that isn't available, you can get their info via:
23 error     npm owner ls sample-app-angular-hybrid
23 error There is likely additional logging output above.
24 verbose exit [ 1, true ]
